{"/home/stephen_nelson/kanban/src/__test__/SideBar.test.tsx": {"path":"/home/stephen_nelson/kanban/src/__test__/SideBar.test.tsx","statementMap":{"0":{"start":{"line":13,"column":0},"end":{"line":15,"column":null}},"1":{"start":{"line":14,"column":2},"end":{"line":14,"column":null}},"2":{"start":{"line":16,"column":0},"end":{"line":19,"column":null}},"3":{"start":{"line":17,"column":2},"end":{"line":17,"column":null}},"4":{"start":{"line":18,"column":2},"end":{"line":18,"column":null}},"5":{"start":{"line":20,"column":0},"end":{"line":22,"column":null}},"6":{"start":{"line":21,"column":2},"end":{"line":21,"column":null}},"7":{"start":{"line":24,"column":0},"end":{"line":77,"column":null}},"8":{"start":{"line":25,"column":2},"end":{"line":37,"column":null}},"9":{"start":{"line":26,"column":4},"end":{"line":32,"column":null}},"10":{"start":{"line":27,"column":6},"end":{"line":31,"column":null}},"11":{"start":{"line":34,"column":22},"end":{"line":34,"column":null}},"12":{"start":{"line":35,"column":4},"end":{"line":35,"column":null}},"13":{"start":{"line":36,"column":4},"end":{"line":36,"column":null}},"14":{"start":{"line":39,"column":2},"end":{"line":58,"column":null}},"15":{"start":{"line":41,"column":4},"end":{"line":49,"column":null}},"16":{"start":{"line":43,"column":8},"end":{"line":47,"column":null}},"17":{"start":{"line":50,"column":4},"end":{"line":56,"column":null}},"18":{"start":{"line":51,"column":6},"end":{"line":55,"column":null}},"19":{"start":{"line":61,"column":2},"end":{"line":76,"column":null}},"20":{"start":{"line":62,"column":4},"end":{"line":66,"column":null}},"21":{"start":{"line":64,"column":8},"end":{"line":64,"column":null}},"22":{"start":{"line":68,"column":4},"end":{"line":74,"column":null}},"23":{"start":{"line":69,"column":6},"end":{"line":73,"column":null}}},"fnMap":{"0":{"name":"(anonymous_0)","decl":{"start":{"line":13,"column":10},"end":{"line":13,"column":16}},"loc":{"start":{"line":13,"column":16},"end":{"line":15,"column":1}}},"1":{"name":"(anonymous_1)","decl":{"start":{"line":16,"column":10},"end":{"line":16,"column":16}},"loc":{"start":{"line":16,"column":16},"end":{"line":19,"column":1}}},"2":{"name":"(anonymous_2)","decl":{"start":{"line":20,"column":9},"end":{"line":20,"column":15}},"loc":{"start":{"line":20,"column":15},"end":{"line":22,"column":1}}},"3":{"name":"(anonymous_3)","decl":{"start":{"line":24,"column":20},"end":{"line":24,"column":26}},"loc":{"start":{"line":24,"column":26},"end":{"line":77,"column":1}}},"4":{"name":"(anonymous_4)","decl":{"start":{"line":25,"column":22},"end":{"line":25,"column":34}},"loc":{"start":{"line":25,"column":34},"end":{"line":37,"column":3}}},"5":{"name":"(anonymous_5)","decl":{"start":{"line":26,"column":14},"end":{"line":26,"column":26}},"loc":{"start":{"line":26,"column":26},"end":{"line":32,"column":5}}},"6":{"name":"(anonymous_6)","decl":{"start":{"line":39,"column":40},"end":{"line":39,"column":52}},"loc":{"start":{"line":39,"column":52},"end":{"line":58,"column":3}}},"7":{"name":"(anonymous_7)","decl":{"start":{"line":42,"column":58},"end":{"line":42,"column":64}},"loc":{"start":{"line":42,"column":64},"end":{"line":48,"column":7}}},"8":{"name":"(anonymous_8)","decl":{"start":{"line":50,"column":14},"end":{"line":50,"column":26}},"loc":{"start":{"line":50,"column":26},"end":{"line":56,"column":5}}},"9":{"name":"(anonymous_9)","decl":{"start":{"line":61,"column":38},"end":{"line":61,"column":50}},"loc":{"start":{"line":61,"column":50},"end":{"line":76,"column":3}}},"10":{"name":"(anonymous_10)","decl":{"start":{"line":63,"column":58},"end":{"line":63,"column":64}},"loc":{"start":{"line":63,"column":64},"end":{"line":65,"column":7}}},"11":{"name":"(anonymous_11)","decl":{"start":{"line":68,"column":14},"end":{"line":68,"column":26}},"loc":{"start":{"line":68,"column":26},"end":{"line":74,"column":5}}}},"branchMap":{},"s":{"0":1,"1":1,"2":1,"3":3,"4":3,"5":1,"6":1,"7":1,"8":1,"9":1,"10":1,"11":1,"12":1,"13":1,"14":1,"15":1,"16":1,"17":1,"18":1,"19":1,"20":1,"21":1,"22":1,"23":1},"f":{"0":1,"1":3,"2":1,"3":1,"4":1,"5":1,"6":1,"7":1,"8":1,"9":1,"10":1,"11":1},"b":{}}
,"/home/stephen_nelson/kanban/src/api/boardsApi.ts": {"path":"/home/stephen_nelson/kanban/src/api/boardsApi.ts","statementMap":{"0":{"start":{"line":5,"column":28},"end":{"line":15,"column":null}},"1":{"start":{"line":6,"column":15},"end":{"line":12,"column":null}},"2":{"start":{"line":14,"column":2},"end":{"line":14,"column":null}},"3":{"start":{"line":17,"column":27},"end":{"line":27,"column":null}},"4":{"start":{"line":18,"column":15},"end":{"line":25,"column":null}},"5":{"start":{"line":26,"column":2},"end":{"line":26,"column":null}}},"fnMap":{"0":{"name":"(anonymous_0)","decl":{"start":{"line":5,"column":28},"end":{"line":5,"column":35}},"loc":{"start":{"line":5,"column":51},"end":{"line":15,"column":null}}},"1":{"name":"(anonymous_1)","decl":{"start":{"line":17,"column":27},"end":{"line":17,"column":34}},"loc":{"start":{"line":17,"column":78},"end":{"line":27,"column":null}}}},"branchMap":{},"s":{"0":1,"1":3,"2":2,"3":1,"4":0,"5":0},"f":{"0":3,"1":0},"b":{}}
,"/home/stephen_nelson/kanban/src/components/SideBar.tsx": {"path":"/home/stephen_nelson/kanban/src/components/SideBar.tsx","statementMap":{"0":{"start":{"line":9,"column":16},"end":{"line":135,"column":null}},"1":{"start":{"line":10,"column":18},"end":{"line":10,"column":null}},"2":{"start":{"line":10,"column":44},"end":{"line":10,"column":53}},"3":{"start":{"line":11,"column":21},"end":{"line":11,"column":null}},"4":{"start":{"line":11,"column":47},"end":{"line":11,"column":59}},"5":{"start":{"line":12,"column":19},"end":{"line":12,"column":null}},"6":{"start":{"line":14,"column":14},"end":{"line":14,"column":null}},"7":{"start":{"line":16,"column":2},"end":{"line":18,"column":null}},"8":{"start":{"line":17,"column":4},"end":{"line":17,"column":null}},"9":{"start":{"line":20,"column":18},"end":{"line":33,"column":null}},"10":{"start":{"line":21,"column":4},"end":{"line":32,"column":null}},"11":{"start":{"line":23,"column":8},"end":{"line":23,"column":null}},"12":{"start":{"line":24,"column":18},"end":{"line":24,"column":null}},"13":{"start":{"line":26,"column":8},"end":{"line":30,"column":null}},"14":{"start":{"line":27,"column":10},"end":{"line":27,"column":null}},"15":{"start":{"line":29,"column":10},"end":{"line":29,"column":null}},"16":{"start":{"line":32,"column":33},"end":{"line":32,"column":57}},"17":{"start":{"line":35,"column":25},"end":{"line":49,"column":null}},"18":{"start":{"line":36,"column":39},"end":{"line":38,"column":null}},"19":{"start":{"line":39,"column":4},"end":{"line":48,"column":null}},"20":{"start":{"line":41,"column":18},"end":{"line":41,"column":null}},"21":{"start":{"line":42,"column":8},"end":{"line":46,"column":null}},"22":{"start":{"line":43,"column":10},"end":{"line":43,"column":null}},"23":{"start":{"line":45,"column":10},"end":{"line":45,"column":null}},"24":{"start":{"line":48,"column":33},"end":{"line":48,"column":57}},"25":{"start":{"line":52,"column":22},"end":{"line":60,"column":null}},"26":{"start":{"line":53,"column":4},"end":{"line":56,"column":null}},"27":{"start":{"line":54,"column":6},"end":{"line":54,"column":null}},"28":{"start":{"line":55,"column":6},"end":{"line":55,"column":null}},"29":{"start":{"line":59,"column":4},"end":{"line":59,"column":null}},"30":{"start":{"line":63,"column":30},"end":{"line":80,"column":null}},"31":{"start":{"line":64,"column":16},"end":{"line":64,"column":null}},"32":{"start":{"line":66,"column":4},"end":{"line":77,"column":null}},"33":{"start":{"line":67,"column":18},"end":{"line":67,"column":null}},"34":{"start":{"line":69,"column":6},"end":{"line":76,"column":null}},"35":{"start":{"line":79,"column":4},"end":{"line":79,"column":null}},"36":{"start":{"line":82,"column":20},"end":{"line":85,"column":null}},"37":{"start":{"line":83,"column":26},"end":{"line":83,"column":null}},"38":{"start":{"line":84,"column":4},"end":{"line":84,"column":null}},"39":{"start":{"line":87,"column":2},"end":{"line":133,"column":null}},"40":{"start":{"line":97,"column":25},"end":{"line":97,"column":null}},"41":{"start":{"line":120,"column":14},"end":{"line":128,"column":null}}},"fnMap":{"0":{"name":"(anonymous_0)","decl":{"start":{"line":9,"column":16},"end":{"line":9,"column":22}},"loc":{"start":{"line":9,"column":22},"end":{"line":135,"column":null}}},"1":{"name":"(anonymous_1)","decl":{"start":{"line":10,"column":33},"end":{"line":10,"column":34}},"loc":{"start":{"line":10,"column":44},"end":{"line":10,"column":53}}},"2":{"name":"(anonymous_2)","decl":{"start":{"line":11,"column":36},"end":{"line":11,"column":37}},"loc":{"start":{"line":11,"column":47},"end":{"line":11,"column":59}}},"3":{"name":"(anonymous_3)","decl":{"start":{"line":16,"column":12},"end":{"line":16,"column":18}},"loc":{"start":{"line":16,"column":18},"end":{"line":18,"column":5}}},"4":{"name":"(anonymous_4)","decl":{"start":{"line":20,"column":18},"end":{"line":20,"column":24}},"loc":{"start":{"line":20,"column":24},"end":{"line":33,"column":null}}},"5":{"name":"(anonymous_5)","decl":{"start":{"line":22,"column":12},"end":{"line":22,"column":20}},"loc":{"start":{"line":22,"column":20},"end":{"line":31,"column":7}}},"6":{"name":"(anonymous_6)","decl":{"start":{"line":32,"column":13},"end":{"line":32,"column":14}},"loc":{"start":{"line":32,"column":33},"end":{"line":32,"column":57}}},"7":{"name":"(anonymous_7)","decl":{"start":{"line":35,"column":25},"end":{"line":35,"column":31}},"loc":{"start":{"line":35,"column":31},"end":{"line":49,"column":null}}},"8":{"name":"(anonymous_8)","decl":{"start":{"line":40,"column":12},"end":{"line":40,"column":20}},"loc":{"start":{"line":40,"column":20},"end":{"line":47,"column":7}}},"9":{"name":"(anonymous_9)","decl":{"start":{"line":48,"column":13},"end":{"line":48,"column":14}},"loc":{"start":{"line":48,"column":33},"end":{"line":48,"column":57}}},"10":{"name":"(anonymous_10)","decl":{"start":{"line":52,"column":22},"end":{"line":52,"column":28}},"loc":{"start":{"line":52,"column":28},"end":{"line":60,"column":null}}},"11":{"name":"(anonymous_11)","decl":{"start":{"line":63,"column":30},"end":{"line":63,"column":99}},"loc":{"start":{"line":63,"column":99},"end":{"line":80,"column":null}}},"12":{"name":"(anonymous_12)","decl":{"start":{"line":82,"column":20},"end":{"line":82,"column":26}},"loc":{"start":{"line":82,"column":26},"end":{"line":85,"column":null}}},"13":{"name":"(anonymous_13)","decl":{"start":{"line":97,"column":18},"end":{"line":97,"column":19}},"loc":{"start":{"line":97,"column":25},"end":{"line":97,"column":null}}},"14":{"name":"(anonymous_14)","decl":{"start":{"line":119,"column":35},"end":{"line":119,"column":36}},"loc":{"start":{"line":120,"column":14},"end":{"line":128,"column":null}}}},"branchMap":{"0":{"loc":{"start":{"line":26,"column":8},"end":{"line":30,"column":null}},"type":"if","locations":[{"start":{"line":26,"column":8},"end":{"line":30,"column":null}},{"start":{"line":28,"column":15},"end":{"line":30,"column":null}}]},"1":{"loc":{"start":{"line":42,"column":8},"end":{"line":46,"column":null}},"type":"if","locations":[{"start":{"line":42,"column":8},"end":{"line":46,"column":null}},{"start":{"line":44,"column":15},"end":{"line":46,"column":null}}]},"2":{"loc":{"start":{"line":53,"column":4},"end":{"line":56,"column":null}},"type":"if","locations":[{"start":{"line":53,"column":4},"end":{"line":56,"column":null}},{"start":{},"end":{}}]},"3":{"loc":{"start":{"line":66,"column":4},"end":{"line":77,"column":null}},"type":"if","locations":[{"start":{"line":66,"column":4},"end":{"line":77,"column":null}},{"start":{},"end":{}}]},"4":{"loc":{"start":{"line":113,"column":9},"end":{"line":130,"column":null}},"type":"cond-expr","locations":[{"start":{"line":115,"column":9},"end":{"line":115,"column":null}},{"start":{"line":118,"column":10},"end":{"line":130,"column":null}}]}},"s":{"0":1,"1":4,"2":8,"3":4,"4":8,"5":4,"6":4,"7":4,"8":3,"9":4,"10":3,"11":2,"12":2,"13":2,"14":1,"15":1,"16":1,"17":4,"18":0,"19":0,"20":0,"21":0,"22":0,"23":0,"24":0,"25":4,"26":0,"27":0,"28":0,"29":0,"30":4,"31":4,"32":4,"33":1,"34":1,"35":3,"36":4,"37":4,"38":4,"39":4,"40":0,"41":3},"f":{"0":4,"1":8,"2":8,"3":3,"4":3,"5":2,"6":1,"7":0,"8":0,"9":0,"10":0,"11":4,"12":4,"13":0,"14":3},"b":{"0":[1,1],"1":[0,0],"2":[0,0],"3":[1,3],"4":[1,3]}}
,"/home/stephen_nelson/kanban/src/features/appSlice.tsx": {"path":"/home/stephen_nelson/kanban/src/features/appSlice.tsx","statementMap":{"0":{"start":{"line":9,"column":31},"end":{"line":11,"column":null}},"1":{"start":{"line":13,"column":24},"end":{"line":17,"column":null}}},"fnMap":{},"branchMap":{},"s":{"0":1,"1":1},"f":{},"b":{}}
,"/home/stephen_nelson/kanban/src/features/boardSlice.ts": {"path":"/home/stephen_nelson/kanban/src/features/boardSlice.ts","statementMap":{"0":{"start":{"line":10,"column":33},"end":{"line":13,"column":null}},"1":{"start":{"line":15,"column":26},"end":{"line":26,"column":null}},"2":{"start":{"line":20,"column":6},"end":{"line":20,"column":null}},"3":{"start":{"line":23,"column":6},"end":{"line":23,"column":null}},"4":{"start":{"line":29,"column":38},"end":{"line":29,"column":null}}},"fnMap":{"0":{"name":"(anonymous_0)","decl":{"start":{"line":19,"column":13},"end":{"line":19,"column":14}},"loc":{"start":{"line":19,"column":55},"end":{"line":21,"column":null}}},"1":{"name":"(anonymous_1)","decl":{"start":{"line":22,"column":15},"end":{"line":22,"column":16}},"loc":{"start":{"line":22,"column":58},"end":{"line":24,"column":null}}}},"branchMap":{},"s":{"0":1,"1":1,"2":0,"3":1,"4":1},"f":{"0":0,"1":1},"b":{}}
,"/home/stephen_nelson/kanban/src/hooks/index.ts": {"path":"/home/stephen_nelson/kanban/src/hooks/index.ts","statementMap":{"0":{"start":{"line":5,"column":30},"end":{"line":5,"column":null}},"1":{"start":{"line":6,"column":30},"end":{"line":6,"column":null}}},"fnMap":{},"branchMap":{},"s":{"0":1,"1":1},"f":{},"b":{}}
,"/home/stephen_nelson/kanban/src/mocks/handlers.ts": {"path":"/home/stephen_nelson/kanban/src/mocks/handlers.ts","statementMap":{"0":{"start":{"line":4,"column":24},"end":{"line":6,"column":null}}},"fnMap":{},"branchMap":{},"s":{"0":1},"f":{},"b":{}}
,"/home/stephen_nelson/kanban/src/mocks/node.js": {"path":"/home/stephen_nelson/kanban/src/mocks/node.js","statementMap":{"0":{"start":{"line":4,"column":22},"end":{"line":4,"column":46}}},"fnMap":{},"branchMap":{},"s":{"0":1},"f":{},"b":{}}
,"/home/stephen_nelson/kanban/src/mocks/sidebar/index.ts": {"path":"/home/stephen_nelson/kanban/src/mocks/sidebar/index.ts","statementMap":{"0":{"start":{"line":4,"column":28},"end":{"line":16,"column":null}},"1":{"start":{"line":5,"column":2},"end":{"line":15,"column":null}}},"fnMap":{"0":{"name":"(anonymous_0)","decl":{"start":{"line":4,"column":80},"end":{"line":4,"column":86}},"loc":{"start":{"line":4,"column":86},"end":{"line":16,"column":1}}}},"branchMap":{},"s":{"0":1,"1":1},"f":{"0":1},"b":{}}
,"/home/stephen_nelson/kanban/src/store/index.ts": {"path":"/home/stephen_nelson/kanban/src/store/index.ts","statementMap":{"0":{"start":{"line":6,"column":21},"end":{"line":11,"column":null}}},"fnMap":{},"branchMap":{},"s":{"0":1},"f":{},"b":{}}
}
