{"/home/stephen_nelson/kanban/src/__test__/SideBar.test.tsx": {"path":"/home/stephen_nelson/kanban/src/__test__/SideBar.test.tsx","statementMap":{"0":{"start":{"line":17,"column":22},"end":{"line":26,"column":null}},"1":{"start":{"line":18,"column":21},"end":{"line":18,"column":null}},"2":{"start":{"line":19,"column":2},"end":{"line":23,"column":null}},"3":{"start":{"line":20,"column":4},"end":{"line":22,"column":null}},"4":{"start":{"line":21,"column":6},"end":{"line":21,"column":null}},"5":{"start":{"line":25,"column":2},"end":{"line":25,"column":null}},"6":{"start":{"line":29,"column":0},"end":{"line":31,"column":null}},"7":{"start":{"line":30,"column":2},"end":{"line":30,"column":null}},"8":{"start":{"line":32,"column":0},"end":{"line":35,"column":null}},"9":{"start":{"line":33,"column":2},"end":{"line":33,"column":null}},"10":{"start":{"line":34,"column":2},"end":{"line":34,"column":null}},"11":{"start":{"line":36,"column":0},"end":{"line":39,"column":null}},"12":{"start":{"line":37,"column":2},"end":{"line":37,"column":null}},"13":{"start":{"line":38,"column":2},"end":{"line":38,"column":null}},"14":{"start":{"line":41,"column":0},"end":{"line":190,"column":null}},"15":{"start":{"line":42,"column":2},"end":{"line":54,"column":null}},"16":{"start":{"line":43,"column":4},"end":{"line":49,"column":null}},"17":{"start":{"line":44,"column":6},"end":{"line":48,"column":null}},"18":{"start":{"line":51,"column":22},"end":{"line":51,"column":null}},"19":{"start":{"line":52,"column":4},"end":{"line":52,"column":null}},"20":{"start":{"line":56,"column":2},"end":{"line":74,"column":null}},"21":{"start":{"line":58,"column":4},"end":{"line":66,"column":null}},"22":{"start":{"line":60,"column":8},"end":{"line":64,"column":null}},"23":{"start":{"line":67,"column":4},"end":{"line":73,"column":null}},"24":{"start":{"line":68,"column":6},"end":{"line":72,"column":null}},"25":{"start":{"line":77,"column":2},"end":{"line":92,"column":null}},"26":{"start":{"line":78,"column":4},"end":{"line":82,"column":null}},"27":{"start":{"line":80,"column":8},"end":{"line":80,"column":null}},"28":{"start":{"line":84,"column":4},"end":{"line":90,"column":null}},"29":{"start":{"line":85,"column":6},"end":{"line":89,"column":null}},"30":{"start":{"line":94,"column":2},"end":{"line":128,"column":null}},"31":{"start":{"line":95,"column":22},"end":{"line":95,"column":null}},"32":{"start":{"line":97,"column":4},"end":{"line":105,"column":null}},"33":{"start":{"line":99,"column":8},"end":{"line":102,"column":null}},"34":{"start":{"line":107,"column":4},"end":{"line":113,"column":null}},"35":{"start":{"line":108,"column":6},"end":{"line":112,"column":null}},"36":{"start":{"line":116,"column":18},"end":{"line":116,"column":null}},"37":{"start":{"line":117,"column":4},"end":{"line":117,"column":null}},"38":{"start":{"line":118,"column":4},"end":{"line":118,"column":null}},"39":{"start":{"line":121,"column":19},"end":{"line":121,"column":null}},"40":{"start":{"line":122,"column":4},"end":{"line":124,"column":null}},"41":{"start":{"line":123,"column":6},"end":{"line":123,"column":null}},"42":{"start":{"line":126,"column":4},"end":{"line":126,"column":null}},"43":{"start":{"line":127,"column":4},"end":{"line":127,"column":null}},"44":{"start":{"line":130,"column":2},"end":{"line":141,"column":null}},"45":{"start":{"line":131,"column":4},"end":{"line":137,"column":null}},"46":{"start":{"line":132,"column":6},"end":{"line":136,"column":null}},"47":{"start":{"line":139,"column":19},"end":{"line":139,"column":null}},"48":{"start":{"line":140,"column":4},"end":{"line":140,"column":null}},"49":{"start":{"line":143,"column":2},"end":{"line":167,"column":null}},"50":{"start":{"line":144,"column":4},"end":{"line":152,"column":null}},"51":{"start":{"line":146,"column":8},"end":{"line":150,"column":null}},"52":{"start":{"line":154,"column":4},"end":{"line":160,"column":null}},"53":{"start":{"line":155,"column":6},"end":{"line":159,"column":null}},"54":{"start":{"line":162,"column":18},"end":{"line":162,"column":null}},"55":{"start":{"line":163,"column":4},"end":{"line":163,"column":null}},"56":{"start":{"line":165,"column":19},"end":{"line":165,"column":null}},"57":{"start":{"line":166,"column":4},"end":{"line":166,"column":null}},"58":{"start":{"line":169,"column":2},"end":{"line":189,"column":null}},"59":{"start":{"line":170,"column":4},"end":{"line":174,"column":null}},"60":{"start":{"line":172,"column":8},"end":{"line":172,"column":null}},"61":{"start":{"line":176,"column":4},"end":{"line":182,"column":null}},"62":{"start":{"line":177,"column":6},"end":{"line":181,"column":null}},"63":{"start":{"line":184,"column":18},"end":{"line":184,"column":null}},"64":{"start":{"line":185,"column":4},"end":{"line":185,"column":null}},"65":{"start":{"line":187,"column":19},"end":{"line":187,"column":null}},"66":{"start":{"line":188,"column":4},"end":{"line":188,"column":null}}},"fnMap":{"0":{"name":"(anonymous_0)","decl":{"start":{"line":17,"column":22},"end":{"line":17,"column":28}},"loc":{"start":{"line":17,"column":28},"end":{"line":26,"column":null}}},"1":{"name":"(anonymous_1)","decl":{"start":{"line":19,"column":36},"end":{"line":19,"column":43}},"loc":{"start":{"line":19,"column":59},"end":{"line":23,"column":3}}},"2":{"name":"(anonymous_2)","decl":{"start":{"line":29,"column":10},"end":{"line":29,"column":16}},"loc":{"start":{"line":29,"column":16},"end":{"line":31,"column":1}}},"3":{"name":"(anonymous_3)","decl":{"start":{"line":32,"column":10},"end":{"line":32,"column":16}},"loc":{"start":{"line":32,"column":16},"end":{"line":35,"column":1}}},"4":{"name":"(anonymous_4)","decl":{"start":{"line":36,"column":9},"end":{"line":36,"column":15}},"loc":{"start":{"line":36,"column":15},"end":{"line":39,"column":1}}},"5":{"name":"(anonymous_5)","decl":{"start":{"line":41,"column":20},"end":{"line":41,"column":26}},"loc":{"start":{"line":41,"column":26},"end":{"line":190,"column":1}}},"6":{"name":"(anonymous_6)","decl":{"start":{"line":42,"column":22},"end":{"line":42,"column":34}},"loc":{"start":{"line":42,"column":34},"end":{"line":54,"column":3}}},"7":{"name":"(anonymous_7)","decl":{"start":{"line":43,"column":14},"end":{"line":43,"column":26}},"loc":{"start":{"line":43,"column":26},"end":{"line":49,"column":5}}},"8":{"name":"(anonymous_8)","decl":{"start":{"line":56,"column":40},"end":{"line":56,"column":52}},"loc":{"start":{"line":56,"column":52},"end":{"line":74,"column":3}}},"9":{"name":"(anonymous_9)","decl":{"start":{"line":59,"column":58},"end":{"line":59,"column":64}},"loc":{"start":{"line":59,"column":64},"end":{"line":65,"column":9}}},"10":{"name":"(anonymous_10)","decl":{"start":{"line":67,"column":14},"end":{"line":67,"column":26}},"loc":{"start":{"line":67,"column":26},"end":{"line":73,"column":5}}},"11":{"name":"(anonymous_11)","decl":{"start":{"line":77,"column":38},"end":{"line":77,"column":50}},"loc":{"start":{"line":77,"column":50},"end":{"line":92,"column":3}}},"12":{"name":"(anonymous_12)","decl":{"start":{"line":79,"column":58},"end":{"line":79,"column":64}},"loc":{"start":{"line":79,"column":64},"end":{"line":81,"column":9}}},"13":{"name":"(anonymous_13)","decl":{"start":{"line":84,"column":14},"end":{"line":84,"column":26}},"loc":{"start":{"line":84,"column":26},"end":{"line":90,"column":5}}},"14":{"name":"(anonymous_14)","decl":{"start":{"line":94,"column":41},"end":{"line":94,"column":53}},"loc":{"start":{"line":94,"column":53},"end":{"line":128,"column":3}}},"15":{"name":"(anonymous_15)","decl":{"start":{"line":98,"column":61},"end":{"line":98,"column":67}},"loc":{"start":{"line":98,"column":67},"end":{"line":104,"column":9}}},"16":{"name":"(anonymous_16)","decl":{"start":{"line":107,"column":14},"end":{"line":107,"column":26}},"loc":{"start":{"line":107,"column":26},"end":{"line":113,"column":5}}},"17":{"name":"(anonymous_17)","decl":{"start":{"line":122,"column":14},"end":{"line":122,"column":26}},"loc":{"start":{"line":122,"column":26},"end":{"line":124,"column":5}}},"18":{"name":"(anonymous_18)","decl":{"start":{"line":130,"column":42},"end":{"line":130,"column":54}},"loc":{"start":{"line":130,"column":54},"end":{"line":141,"column":3}}},"19":{"name":"(anonymous_19)","decl":{"start":{"line":131,"column":14},"end":{"line":131,"column":26}},"loc":{"start":{"line":131,"column":26},"end":{"line":137,"column":5}}},"20":{"name":"(anonymous_20)","decl":{"start":{"line":143,"column":62},"end":{"line":143,"column":74}},"loc":{"start":{"line":143,"column":74},"end":{"line":167,"column":3}}},"21":{"name":"(anonymous_21)","decl":{"start":{"line":145,"column":61},"end":{"line":145,"column":67}},"loc":{"start":{"line":145,"column":67},"end":{"line":151,"column":9}}},"22":{"name":"(anonymous_22)","decl":{"start":{"line":154,"column":14},"end":{"line":154,"column":26}},"loc":{"start":{"line":154,"column":26},"end":{"line":160,"column":5}}},"23":{"name":"(anonymous_23)","decl":{"start":{"line":169,"column":60},"end":{"line":169,"column":72}},"loc":{"start":{"line":169,"column":72},"end":{"line":189,"column":3}}},"24":{"name":"(anonymous_24)","decl":{"start":{"line":171,"column":61},"end":{"line":171,"column":67}},"loc":{"start":{"line":171,"column":67},"end":{"line":173,"column":9}}},"25":{"name":"(anonymous_25)","decl":{"start":{"line":176,"column":14},"end":{"line":176,"column":26}},"loc":{"start":{"line":176,"column":26},"end":{"line":182,"column":5}}}},"branchMap":{"0":{"loc":{"start":{"line":20,"column":4},"end":{"line":22,"column":null}},"type":"if","locations":[{"start":{"line":20,"column":4},"end":{"line":22,"column":null}},{"start":{},"end":{}}]},"1":{"loc":{"start":{"line":20,"column":8},"end":{"line":20,"column":121}},"type":"binary-expr","locations":[{"start":{"line":20,"column":8},"end":{"line":20,"column":37}},{"start":{"line":20,"column":37},"end":{"line":20,"column":121}}]}},"s":{"0":1,"1":1,"2":1,"3":8,"4":3,"5":1,"6":1,"7":1,"8":1,"9":7,"10":7,"11":1,"12":1,"13":1,"14":1,"15":1,"16":1,"17":1,"18":1,"19":1,"20":1,"21":1,"22":1,"23":1,"24":1,"25":1,"26":1,"27":1,"28":1,"29":1,"30":1,"31":1,"32":1,"33":1,"34":1,"35":1,"36":1,"37":1,"38":1,"39":1,"40":1,"41":1,"42":1,"43":1,"44":1,"45":1,"46":1,"47":1,"48":1,"49":1,"50":1,"51":1,"52":1,"53":1,"54":1,"55":1,"56":1,"57":1,"58":1,"59":1,"60":1,"61":1,"62":1,"63":1,"64":1,"65":1,"66":1},"f":{"0":1,"1":8,"2":1,"3":7,"4":1,"5":1,"6":1,"7":1,"8":1,"9":1,"10":1,"11":1,"12":1,"13":1,"14":1,"15":1,"16":1,"17":1,"18":1,"19":1,"20":1,"21":1,"22":1,"23":1,"24":1,"25":1},"b":{"0":[3,5],"1":[8,3]}}
,"/home/stephen_nelson/kanban/src/api/boardsApi.ts": {"path":"/home/stephen_nelson/kanban/src/api/boardsApi.ts","statementMap":{"0":{"start":{"line":5,"column":28},"end":{"line":15,"column":null}},"1":{"start":{"line":6,"column":15},"end":{"line":12,"column":null}},"2":{"start":{"line":14,"column":2},"end":{"line":14,"column":null}},"3":{"start":{"line":17,"column":27},"end":{"line":27,"column":null}},"4":{"start":{"line":18,"column":15},"end":{"line":25,"column":null}},"5":{"start":{"line":26,"column":2},"end":{"line":26,"column":null}}},"fnMap":{"0":{"name":"(anonymous_0)","decl":{"start":{"line":5,"column":28},"end":{"line":5,"column":35}},"loc":{"start":{"line":5,"column":51},"end":{"line":15,"column":null}}},"1":{"name":"(anonymous_1)","decl":{"start":{"line":17,"column":27},"end":{"line":17,"column":34}},"loc":{"start":{"line":17,"column":78},"end":{"line":27,"column":null}}}},"branchMap":{},"s":{"0":1,"1":8,"2":7,"3":1,"4":3,"5":2},"f":{"0":8,"1":3},"b":{}}
,"/home/stephen_nelson/kanban/src/components/SideBar.tsx": {"path":"/home/stephen_nelson/kanban/src/components/SideBar.tsx","statementMap":{"0":{"start":{"line":9,"column":16},"end":{"line":137,"column":null}},"1":{"start":{"line":10,"column":18},"end":{"line":10,"column":null}},"2":{"start":{"line":10,"column":44},"end":{"line":10,"column":53}},"3":{"start":{"line":11,"column":21},"end":{"line":11,"column":null}},"4":{"start":{"line":11,"column":47},"end":{"line":11,"column":59}},"5":{"start":{"line":12,"column":19},"end":{"line":12,"column":null}},"6":{"start":{"line":14,"column":14},"end":{"line":14,"column":null}},"7":{"start":{"line":16,"column":2},"end":{"line":18,"column":null}},"8":{"start":{"line":17,"column":4},"end":{"line":17,"column":null}},"9":{"start":{"line":20,"column":18},"end":{"line":32,"column":null}},"10":{"start":{"line":21,"column":4},"end":{"line":31,"column":null}},"11":{"start":{"line":23,"column":18},"end":{"line":23,"column":null}},"12":{"start":{"line":25,"column":8},"end":{"line":29,"column":null}},"13":{"start":{"line":26,"column":10},"end":{"line":26,"column":null}},"14":{"start":{"line":28,"column":10},"end":{"line":28,"column":null}},"15":{"start":{"line":31,"column":33},"end":{"line":31,"column":57}},"16":{"start":{"line":34,"column":25},"end":{"line":48,"column":null}},"17":{"start":{"line":35,"column":39},"end":{"line":37,"column":null}},"18":{"start":{"line":38,"column":4},"end":{"line":47,"column":null}},"19":{"start":{"line":40,"column":18},"end":{"line":40,"column":null}},"20":{"start":{"line":41,"column":8},"end":{"line":45,"column":null}},"21":{"start":{"line":42,"column":10},"end":{"line":42,"column":null}},"22":{"start":{"line":44,"column":10},"end":{"line":44,"column":null}},"23":{"start":{"line":47,"column":33},"end":{"line":47,"column":57}},"24":{"start":{"line":51,"column":22},"end":{"line":59,"column":null}},"25":{"start":{"line":52,"column":4},"end":{"line":55,"column":null}},"26":{"start":{"line":53,"column":6},"end":{"line":53,"column":null}},"27":{"start":{"line":54,"column":6},"end":{"line":54,"column":null}},"28":{"start":{"line":58,"column":4},"end":{"line":58,"column":null}},"29":{"start":{"line":62,"column":30},"end":{"line":79,"column":null}},"30":{"start":{"line":63,"column":16},"end":{"line":63,"column":null}},"31":{"start":{"line":65,"column":4},"end":{"line":76,"column":null}},"32":{"start":{"line":66,"column":18},"end":{"line":66,"column":null}},"33":{"start":{"line":68,"column":6},"end":{"line":75,"column":null}},"34":{"start":{"line":78,"column":4},"end":{"line":78,"column":null}},"35":{"start":{"line":81,"column":20},"end":{"line":84,"column":null}},"36":{"start":{"line":82,"column":26},"end":{"line":82,"column":null}},"37":{"start":{"line":83,"column":4},"end":{"line":83,"column":null}},"38":{"start":{"line":86,"column":2},"end":{"line":135,"column":null}},"39":{"start":{"line":97,"column":25},"end":{"line":97,"column":null}},"40":{"start":{"line":122,"column":14},"end":{"line":130,"column":null}}},"fnMap":{"0":{"name":"(anonymous_0)","decl":{"start":{"line":9,"column":16},"end":{"line":9,"column":22}},"loc":{"start":{"line":9,"column":22},"end":{"line":137,"column":null}}},"1":{"name":"(anonymous_1)","decl":{"start":{"line":10,"column":33},"end":{"line":10,"column":34}},"loc":{"start":{"line":10,"column":44},"end":{"line":10,"column":53}}},"2":{"name":"(anonymous_2)","decl":{"start":{"line":11,"column":36},"end":{"line":11,"column":37}},"loc":{"start":{"line":11,"column":47},"end":{"line":11,"column":59}}},"3":{"name":"(anonymous_3)","decl":{"start":{"line":16,"column":12},"end":{"line":16,"column":18}},"loc":{"start":{"line":16,"column":18},"end":{"line":18,"column":5}}},"4":{"name":"(anonymous_4)","decl":{"start":{"line":20,"column":18},"end":{"line":20,"column":24}},"loc":{"start":{"line":20,"column":24},"end":{"line":32,"column":null}}},"5":{"name":"(anonymous_5)","decl":{"start":{"line":22,"column":12},"end":{"line":22,"column":20}},"loc":{"start":{"line":22,"column":20},"end":{"line":30,"column":7}}},"6":{"name":"(anonymous_6)","decl":{"start":{"line":31,"column":13},"end":{"line":31,"column":14}},"loc":{"start":{"line":31,"column":33},"end":{"line":31,"column":57}}},"7":{"name":"(anonymous_7)","decl":{"start":{"line":34,"column":25},"end":{"line":34,"column":31}},"loc":{"start":{"line":34,"column":31},"end":{"line":48,"column":null}}},"8":{"name":"(anonymous_8)","decl":{"start":{"line":39,"column":12},"end":{"line":39,"column":20}},"loc":{"start":{"line":39,"column":20},"end":{"line":46,"column":7}}},"9":{"name":"(anonymous_9)","decl":{"start":{"line":47,"column":13},"end":{"line":47,"column":14}},"loc":{"start":{"line":47,"column":33},"end":{"line":47,"column":57}}},"10":{"name":"(anonymous_10)","decl":{"start":{"line":51,"column":22},"end":{"line":51,"column":28}},"loc":{"start":{"line":51,"column":28},"end":{"line":59,"column":null}}},"11":{"name":"(anonymous_11)","decl":{"start":{"line":62,"column":30},"end":{"line":62,"column":99}},"loc":{"start":{"line":62,"column":99},"end":{"line":79,"column":null}}},"12":{"name":"(anonymous_12)","decl":{"start":{"line":81,"column":20},"end":{"line":81,"column":26}},"loc":{"start":{"line":81,"column":26},"end":{"line":84,"column":null}}},"13":{"name":"(anonymous_13)","decl":{"start":{"line":97,"column":18},"end":{"line":97,"column":19}},"loc":{"start":{"line":97,"column":25},"end":{"line":97,"column":null}}},"14":{"name":"(anonymous_14)","decl":{"start":{"line":121,"column":35},"end":{"line":121,"column":36}},"loc":{"start":{"line":122,"column":14},"end":{"line":130,"column":null}}}},"branchMap":{"0":{"loc":{"start":{"line":25,"column":8},"end":{"line":29,"column":null}},"type":"if","locations":[{"start":{"line":25,"column":8},"end":{"line":29,"column":null}},{"start":{"line":27,"column":15},"end":{"line":29,"column":null}}]},"1":{"loc":{"start":{"line":41,"column":8},"end":{"line":45,"column":null}},"type":"if","locations":[{"start":{"line":41,"column":8},"end":{"line":45,"column":null}},{"start":{"line":43,"column":15},"end":{"line":45,"column":null}}]},"2":{"loc":{"start":{"line":52,"column":4},"end":{"line":55,"column":null}},"type":"if","locations":[{"start":{"line":52,"column":4},"end":{"line":55,"column":null}},{"start":{},"end":{}}]},"3":{"loc":{"start":{"line":65,"column":4},"end":{"line":76,"column":null}},"type":"if","locations":[{"start":{"line":65,"column":4},"end":{"line":76,"column":null}},{"start":{},"end":{}}]},"4":{"loc":{"start":{"line":115,"column":9},"end":{"line":132,"column":null}},"type":"cond-expr","locations":[{"start":{"line":117,"column":9},"end":{"line":117,"column":null}},{"start":{"line":120,"column":10},"end":{"line":132,"column":null}}]}},"s":{"0":1,"1":44,"2":88,"3":44,"4":88,"5":44,"6":44,"7":44,"8":7,"9":44,"10":8,"11":7,"12":7,"13":6,"14":1,"15":1,"16":44,"17":3,"18":3,"19":2,"20":2,"21":1,"22":1,"23":1,"24":44,"25":4,"26":1,"27":1,"28":3,"29":44,"30":44,"31":44,"32":37,"33":37,"34":7,"35":44,"36":44,"37":44,"38":44,"39":31,"40":43},"f":{"0":44,"1":88,"2":88,"3":7,"4":8,"5":7,"6":1,"7":3,"8":2,"9":1,"10":4,"11":44,"12":44,"13":31,"14":43},"b":{"0":[6,1],"1":[1,1],"2":[1,3],"3":[37,7],"4":[1,43]}}
,"/home/stephen_nelson/kanban/src/features/appSlice.tsx": {"path":"/home/stephen_nelson/kanban/src/features/appSlice.tsx","statementMap":{"0":{"start":{"line":9,"column":31},"end":{"line":11,"column":null}},"1":{"start":{"line":13,"column":24},"end":{"line":17,"column":null}}},"fnMap":{},"branchMap":{},"s":{"0":1,"1":1},"f":{},"b":{}}
,"/home/stephen_nelson/kanban/src/features/boardSlice.ts": {"path":"/home/stephen_nelson/kanban/src/features/boardSlice.ts","statementMap":{"0":{"start":{"line":10,"column":33},"end":{"line":13,"column":null}},"1":{"start":{"line":15,"column":26},"end":{"line":26,"column":null}},"2":{"start":{"line":20,"column":6},"end":{"line":20,"column":null}},"3":{"start":{"line":23,"column":6},"end":{"line":23,"column":null}},"4":{"start":{"line":29,"column":38},"end":{"line":29,"column":null}}},"fnMap":{"0":{"name":"(anonymous_0)","decl":{"start":{"line":19,"column":13},"end":{"line":19,"column":14}},"loc":{"start":{"line":19,"column":55},"end":{"line":21,"column":null}}},"1":{"name":"(anonymous_1)","decl":{"start":{"line":22,"column":15},"end":{"line":22,"column":16}},"loc":{"start":{"line":22,"column":58},"end":{"line":24,"column":null}}}},"branchMap":{},"s":{"0":1,"1":1,"2":31,"3":6,"4":1},"f":{"0":31,"1":6},"b":{}}
,"/home/stephen_nelson/kanban/src/hooks/index.ts": {"path":"/home/stephen_nelson/kanban/src/hooks/index.ts","statementMap":{"0":{"start":{"line":5,"column":30},"end":{"line":5,"column":null}},"1":{"start":{"line":6,"column":30},"end":{"line":6,"column":null}}},"fnMap":{},"branchMap":{},"s":{"0":1,"1":1},"f":{},"b":{}}
,"/home/stephen_nelson/kanban/src/mocks/handlers.ts": {"path":"/home/stephen_nelson/kanban/src/mocks/handlers.ts","statementMap":{"0":{"start":{"line":4,"column":24},"end":{"line":7,"column":null}}},"fnMap":{},"branchMap":{},"s":{"0":1},"f":{},"b":{}}
,"/home/stephen_nelson/kanban/src/mocks/node.js": {"path":"/home/stephen_nelson/kanban/src/mocks/node.js","statementMap":{"0":{"start":{"line":4,"column":22},"end":{"line":4,"column":46}}},"fnMap":{},"branchMap":{},"s":{"0":1},"f":{},"b":{}}
,"/home/stephen_nelson/kanban/src/mocks/query.ts": {"path":"/home/stephen_nelson/kanban/src/mocks/query.ts","statementMap":{"0":{"start":{"line":2,"column":25},"end":{"line":2,"column":null}},"1":{"start":{"line":4,"column":30},"end":{"line":7,"column":null}},"2":{"start":{"line":9,"column":33},"end":{"line":12,"column":null}},"3":{"start":{"line":15,"column":20},"end":{"line":15,"column":null}},"4":{"start":{"line":16,"column":14},"end":{"line":16,"column":null}},"5":{"start":{"line":17,"column":2},"end":{"line":22,"column":null}},"6":{"start":{"line":18,"column":4},"end":{"line":21,"column":null}},"7":{"start":{"line":23,"column":2},"end":{"line":23,"column":null}},"8":{"start":{"line":28,"column":20},"end":{"line":28,"column":null}},"9":{"start":{"line":29,"column":17},"end":{"line":29,"column":null}},"10":{"start":{"line":30,"column":2},"end":{"line":35,"column":null}},"11":{"start":{"line":31,"column":4},"end":{"line":34,"column":null}},"12":{"start":{"line":36,"column":2},"end":{"line":36,"column":null}},"13":{"start":{"line":40,"column":0},"end":{"line":46,"column":null}}},"fnMap":{"0":{"name":"getAllByQueryId","decl":{"start":{"line":14,"column":16},"end":{"line":14,"column":32}},"loc":{"start":{"line":14,"column":44},"end":{"line":24,"column":null}}},"1":{"name":"getByQueryId","decl":{"start":{"line":26,"column":16},"end":{"line":26,"column":29}},"loc":{"start":{"line":26,"column":41},"end":{"line":37,"column":null}}}},"branchMap":{"0":{"loc":{"start":{"line":17,"column":2},"end":{"line":22,"column":null}},"type":"if","locations":[{"start":{"line":17,"column":2},"end":{"line":22,"column":null}},{"start":{},"end":{}}]},"1":{"loc":{"start":{"line":30,"column":2},"end":{"line":35,"column":null}},"type":"if","locations":[{"start":{"line":30,"column":2},"end":{"line":35,"column":null}},{"start":{},"end":{}}]}},"s":{"0":1,"1":1,"2":1,"3":7,"4":7,"5":7,"6":0,"7":7,"8":7,"9":7,"10":7,"11":0,"12":7,"13":1},"f":{"0":7,"1":7},"b":{"0":[0,7],"1":[0,7]}}
,"/home/stephen_nelson/kanban/src/mocks/sidebar/index.ts": {"path":"/home/stephen_nelson/kanban/src/mocks/sidebar/index.ts","statementMap":{"0":{"start":{"line":4,"column":28},"end":{"line":16,"column":null}},"1":{"start":{"line":5,"column":2},"end":{"line":15,"column":null}},"2":{"start":{"line":18,"column":27},"end":{"line":23,"column":null}},"3":{"start":{"line":19,"column":2},"end":{"line":22,"column":null}}},"fnMap":{"0":{"name":"(anonymous_0)","decl":{"start":{"line":4,"column":80},"end":{"line":4,"column":86}},"loc":{"start":{"line":4,"column":86},"end":{"line":16,"column":1}}},"1":{"name":"(anonymous_1)","decl":{"start":{"line":18,"column":82},"end":{"line":18,"column":88}},"loc":{"start":{"line":18,"column":88},"end":{"line":23,"column":1}}}},"branchMap":{},"s":{"0":1,"1":6,"2":1,"3":0},"f":{"0":6,"1":0},"b":{}}
,"/home/stephen_nelson/kanban/src/store/index.ts": {"path":"/home/stephen_nelson/kanban/src/store/index.ts","statementMap":{"0":{"start":{"line":6,"column":21},"end":{"line":11,"column":null}}},"fnMap":{},"branchMap":{},"s":{"0":1},"f":{},"b":{}}
}
